Start testing: Sep 08 17:10 Türkiye Standart Saati
----------------------------------------------------------
1/1 Testing: ExampleTests
1/1 Test: ExampleTests
Command: "C:/Users/saria/Desktop/Example/build/test/Debug/ExampleTests.exe"
Directory: C:/Users/saria/Desktop/Example/build/test
"ExampleTests" start time: Sep 08 17:10 Türkiye Standart Saati
Output:
----------------------------------------------------------
Running main() from C:\Users\saria\Desktop\Example\googletest\googletest\src\gtest_main.cc
[==========] Running 2 tests from 1 test suite.
[----------] Global test environment set-up.
[----------] 2 tests from ExampleTests
[ RUN      ] ExampleTests.MAC
Hello Neu!
C:\Users\saria\Desktop\Example\test\ExampleTests.cpp(33): error: Expected equality of these values:
  expectedNewSum
    Which is: 500
  MAC(x, y, sum)
    Which is: 772

C:\Users\saria\Desktop\Example\test\ExampleTests.cpp(37): error: Expected equality of these values:
  expectedNewSum
    Which is: 500
  sum
    Which is: 772

[  FAILED  ] ExampleTests.MAC (0 ms)
[ RUN      ] ExampleTests.Square
Hello Neu!
C:\Users\saria\Desktop\Example\test\ExampleTests.cpp(46): error: Expected equality of these values:
  expectedSquare
    Which is: 625
  Square(x)
    Which is: 25

[  FAILED  ] ExampleTests.Square (0 ms)
[----------] 2 tests from ExampleTests (0 ms total)

[----------] Global test environment tear-down
[==========] 2 tests from 1 test suite ran. (0 ms total)
[  PASSED  ] 0 tests.
[  FAILED  ] 2 tests, listed below:
[  FAILED  ] ExampleTests.MAC
[  FAILED  ] ExampleTests.Square

 2 FAILED TESTS
<end of output>
Test time =   1.39 sec
----------------------------------------------------------
Test Failed.
"ExampleTests" end time: Sep 08 17:10 Türkiye Standart Saati
"ExampleTests" time elapsed: 00:00:01
----------------------------------------------------------

End testing: Sep 08 17:10 Türkiye Standart Saati
